<?xml version="1.0" encoding="UTF-8"?>
<testng-results ignored="0" total="1" passed="1" failed="0" skipped="0">
  <reporter-output>
  </reporter-output>
  <suite started-at="2022-01-10T20:06:11 CST" name="Default suite" finished-at="2022-01-10T20:15:25 CST" duration-ms="553679">
    <groups>
    </groups>
    <test started-at="2022-01-10T20:06:11 CST" name="Default test" finished-at="2022-01-10T20:15:25 CST" duration-ms="553679">
      <class name="UnitTest.PublishCompletedReport_RHS_Level2WValuation">
        <test-method is-config="true" signature="InvokeBrowser()[pri:0, instance:UnitTest.PublishCompletedReport_RHS_Level2WValuation@50eac852]" started-at="2022-01-10T20:06:11 CST" name="InvokeBrowser" finished-at="2022-01-10T20:06:18 CST" duration-ms="7142" status="PASS">
          <reporter-output>
          </reporter-output>
        </test-method> <!-- InvokeBrowser -->
        <test-method signature="PublishCompReport_RHSLevel2WValuation()[pri:6, instance:UnitTest.PublishCompletedReport_RHS_Level2WValuation@50eac852]" started-at="2022-01-10T20:06:18 CST" name="PublishCompReport_RHSLevel2WValuation" finished-at="2022-01-10T20:15:24 CST" duration-ms="545660" status="PASS">
          <reporter-output>
          </reporter-output>
        </test-method> <!-- PublishCompReport_RHSLevel2WValuation -->
        <test-method is-config="true" signature="closeBrowser()[pri:0, instance:UnitTest.PublishCompletedReport_RHS_Level2WValuation@50eac852]" started-at="2022-01-10T20:15:24 CST" name="closeBrowser" finished-at="2022-01-10T20:15:25 CST" duration-ms="840" status="PASS">
          <reporter-output>
          </reporter-output>
        </test-method> <!-- closeBrowser -->
      </class> <!-- UnitTest.PublishCompletedReport_RHS_Level2WValuation -->
    </test> <!-- Default test -->
  </suite> <!-- Default suite -->
</testng-results>
